0 info it worked if it ends with ok
1 verbose cli [ '/Users/zhangjianhua/.nvm/versions/node/v5.11.0/bin/node',
1 verbose cli   '/Users/zhangjianhua/.nvm/versions/node/v5.11.0/bin/npm',
1 verbose cli   'start' ]
2 info using npm@3.8.6
3 info using node@v5.11.0
4 verbose run-script [ 'prestart', 'start', 'poststart' ]
5 info lifecycle cross-domain-demo@1.0.0~prestart: cross-domain-demo@1.0.0
6 silly lifecycle cross-domain-demo@1.0.0~prestart: no script for prestart, continuing
7 info lifecycle cross-domain-demo@1.0.0~start: cross-domain-demo@1.0.0
8 verbose lifecycle cross-domain-demo@1.0.0~start: unsafe-perm in lifecycle true
9 verbose lifecycle cross-domain-demo@1.0.0~start: PATH: /Users/zhangjianhua/.nvm/versions/node/v5.11.0/lib/node_modules/npm/bin/node-gyp-bin:/Users/zhangjianhua/Code/cross-domain-demo/node_modules/.bin:/Users/zhangjianhua/.nvm/versions/node/v5.11.0/bin:/Users/zhangjianhua/.nvm/versions/node/v5.11.0/bin:/Library/Frameworks/Python.framework/Versions/3.4/bin:/Applications/Cocos/tools/ant/bin:/Applications/Cocos/frameworks:/Applications/Cocos/frameworks/cocos2d-x-3.8/tools/cocos2d-console/bin:/usr/local/bin:/usr/bin:/bin:/usr/sbin:/sbin:/usr/local/mysql-5.6.24-osx10.8-x86_64/bin:/usr/local/nginx/sbin
10 verbose lifecycle cross-domain-demo@1.0.0~start: CWD: /Users/zhangjianhua/Code/cross-domain-demo
11 silly lifecycle cross-domain-demo@1.0.0~start: Args: [ '-c', 'node server.js' ]
12 silly lifecycle cross-domain-demo@1.0.0~start: Returned: code: 1  signal: null
13 info lifecycle cross-domain-demo@1.0.0~start: Failed to exec start script
14 verbose stack Error: cross-domain-demo@1.0.0 start: `node server.js`
14 verbose stack Exit status 1
14 verbose stack     at EventEmitter.<anonymous> (/Users/zhangjianhua/.nvm/versions/node/v5.11.0/lib/node_modules/npm/lib/utils/lifecycle.js:239:16)
14 verbose stack     at emitTwo (events.js:100:13)
14 verbose stack     at EventEmitter.emit (events.js:185:7)
14 verbose stack     at ChildProcess.<anonymous> (/Users/zhangjianhua/.nvm/versions/node/v5.11.0/lib/node_modules/npm/lib/utils/spawn.js:24:14)
14 verbose stack     at emitTwo (events.js:100:13)
14 verbose stack     at ChildProcess.emit (events.js:185:7)
14 verbose stack     at maybeClose (internal/child_process.js:850:16)
14 verbose stack     at Process.ChildProcess._handle.onexit (internal/child_process.js:215:5)
15 verbose pkgid cross-domain-demo@1.0.0
16 verbose cwd /Users/zhangjianhua/Code/cross-domain-demo
17 error Darwin 15.0.0
18 error argv "/Users/zhangjianhua/.nvm/versions/node/v5.11.0/bin/node" "/Users/zhangjianhua/.nvm/versions/node/v5.11.0/bin/npm" "start"
19 error node v5.11.0
20 error npm  v3.8.6
21 error code ELIFECYCLE
22 error cross-domain-demo@1.0.0 start: `node server.js`
22 error Exit status 1
23 error Failed at the cross-domain-demo@1.0.0 start script 'node server.js'.
23 error Make sure you have the latest version of node.js and npm installed.
23 error If you do, this is most likely a problem with the cross-domain-demo package,
23 error not with npm itself.
23 error Tell the author that this fails on your system:
23 error     node server.js
23 error You can get information on how to open an issue for this project with:
23 error     npm bugs cross-domain-demo
23 error Or if that isn't available, you can get their info via:
23 error     npm owner ls cross-domain-demo
23 error There is likely additional logging output above.
24 verbose exit [ 1, true ]
